<?xml version="1.0" encoding="UTF-8"?>
<testng-results skipped="0" failed="0" ignored="0" total="1" passed="1">
  <reporter-output>
  </reporter-output>
  <suite name="Default suite" duration-ms="16091" started-at="2020-11-08T19:43:13Z" finished-at="2020-11-08T19:43:30Z">
    <groups>
    </groups>
    <test name="Default test" duration-ms="16091" started-at="2020-11-08T19:43:13Z" finished-at="2020-11-08T19:43:30Z">
      <class name="test.AddCustomerTest">
        <test-method status="PASS" signature="userShouldBeAbleToAddCustomer()[pri:0, instance:test.AddCustomerTest@215be6bb]" name="userShouldBeAbleToAddCustomer" duration-ms="16041" started-at="2020-11-08T13:43:14Z" finished-at="2020-11-08T13:43:30Z">
          <reporter-output>
          </reporter-output>
        </test-method> <!-- userShouldBeAbleToAddCustomer -->
      </class> <!-- test.AddCustomerTest -->
    </test> <!-- Default test -->
  </suite> <!-- Default suite -->
</testng-results>
